Analysis & Elaboration report for FPU32bitAdderTop
Fri Apr 22 00:03:19 2022
Quartus Prime Version 21.1.0 Build 842 10/21/2021 SJ Lite Edition


---------------------
; Table of Contents ;
---------------------
  1. Legal Notice
  2. Analysis & Elaboration Summary
  3. Parallel Compilation
  4. Parameter Settings for User Entity Instance: Top-level Entity: |FPU32bitAdderTop
  5. Analysis & Elaboration Settings
  6. Port Connectivity Checks: "cla_tree_24bit:cla24|cla_tree:cla1|b_block:b7"
  7. Port Connectivity Checks: "cla_tree_24bit:cla24|cla_tree:cla1|a_block:ABlocks[7].a"
  8. Port Connectivity Checks: "cla_tree_24bit:cla24|cla_tree:cla1|a_block:ABlocks[6].a"
  9. Port Connectivity Checks: "cla_tree_24bit:cla24|cla_tree:cla1|a_block:ABlocks[5].a"
 10. Port Connectivity Checks: "cla_tree_24bit:cla24|cla_tree:cla1|a_block:ABlocks[4].a"
 11. Port Connectivity Checks: "cla_tree_24bit:cla24|cla_tree:cla1|a_block:ABlocks[3].a"
 12. Port Connectivity Checks: "cla_tree_24bit:cla24|cla_tree:cla1|a_block:ABlocks[2].a"
 13. Port Connectivity Checks: "cla_tree_24bit:cla24|cla_tree:cla1|a_block:ABlocks[1].a"
 14. Port Connectivity Checks: "cla_tree_24bit:cla24|cla_tree:cla1|a_block:ABlocks[0].a"
 15. Port Connectivity Checks: "cla_tree_24bit:cla24"
 16. Analysis & Elaboration Messages
 17. Analysis & Elaboration Suppressed Messages



----------------
; Legal Notice ;
----------------
Copyright (C) 2021  Intel Corporation. All rights reserved.
Your use of Intel Corporation's design tools, logic functions 
and other software and tools, and any partner logic 
functions, and any output files from any of the foregoing 
(including device programming or simulation files), and any 
associated documentation or information are expressly subject 
to the terms and conditions of the Intel Program License 
Subscription Agreement, the Intel Quartus Prime License Agreement,
the Intel FPGA IP License Agreement, or other applicable license
agreement, including, without limitation, that your use is for
the sole purpose of programming logic devices manufactured by
Intel and sold by Intel or its authorized distributors.  Please
refer to the applicable agreement for further details, at
https://fpgasoftware.intel.com/eula.



+-----------------------------------------------------------------------------+
; Analysis & Elaboration Summary                                              ;
+-------------------------------+---------------------------------------------+
; Analysis & Elaboration Status ; Successful - Fri Apr 22 00:03:19 2022       ;
; Quartus Prime Version         ; 21.1.0 Build 842 10/21/2021 SJ Lite Edition ;
; Revision Name                 ; FPU32bitAdderTop                            ;
; Top-level Entity Name         ; FPU32bitAdderTop                            ;
; Family                        ; Cyclone V                                   ;
; Logic utilization (in ALMs)   ; N/A until Partition Merge                   ;
; Total registers               ; N/A until Partition Merge                   ;
; Total pins                    ; N/A until Partition Merge                   ;
; Total virtual pins            ; N/A until Partition Merge                   ;
; Total block memory bits       ; N/A until Partition Merge                   ;
; Total PLLs                    ; N/A until Partition Merge                   ;
; Total DLLs                    ; N/A until Partition Merge                   ;
+-------------------------------+---------------------------------------------+


+------------------------------------------+
; Parallel Compilation                     ;
+----------------------------+-------------+
; Processors                 ; Number      ;
+----------------------------+-------------+
; Number detected on machine ; 8           ;
; Maximum allowed            ; 4           ;
;                            ;             ;
; Average used               ; 1.00        ;
; Maximum used               ; 1           ;
;                            ;             ;
; Usage by Processor         ; % Time Used ;
;     Processor 1            ; 100.0%      ;
+----------------------------+-------------+


+----------------------------------------------------------------------------------+
; Parameter Settings for User Entity Instance: Top-level Entity: |FPU32bitAdderTop ;
+----------------+----------------------------------+------------------------------+
; Parameter Name ; Value                            ; Type                         ;
+----------------+----------------------------------+------------------------------+
; IDLE           ; 0000                             ; Unsigned Binary              ;
; SPECIAL_CASES  ; 0001                             ; Unsigned Binary              ;
; SWAP           ; 0010                             ; Unsigned Binary              ;
; COMP           ; 0011                             ; Unsigned Binary              ;
; ALIGN          ; 0100                             ; Unsigned Binary              ;
; ADD            ; 0101                             ; Unsigned Binary              ;
; NORM_0         ; 0110                             ; Unsigned Binary              ;
; NORM_1         ; 0111                             ; Unsigned Binary              ;
; ROUND          ; 1000                             ; Unsigned Binary              ;
; PUT_Z          ; 1010                             ; Unsigned Binary              ;
; NAN            ; 01111111111111111111111111111111 ; Unsigned Binary              ;
; INF            ; 1111111100000000000000000000000  ; Unsigned Binary              ;
; ZERO           ; 0000000000000000000000000000000  ; Unsigned Binary              ;
+----------------+----------------------------------+------------------------------+
Note: In order to hide this table in the UI and the text report file, please set the "Show Parameter Settings in Synthesis Report" option in "Analysis and Synthesis Settings -> More Settings" to "Off".


+---------------------------------------------------------------------------------------------------------------------------+
; Analysis & Elaboration Settings                                                                                           ;
+---------------------------------------------------------------------------------+--------------------+--------------------+
; Option                                                                          ; Setting            ; Default Value      ;
+---------------------------------------------------------------------------------+--------------------+--------------------+
; Device                                                                          ; 5CGXFC7C7F23C8     ;                    ;
; Top-level entity name                                                           ; FPU32bitAdderTop   ; FPU32bitAdderTop   ;
; Family name                                                                     ; Cyclone V          ; Cyclone V          ;
; Use smart compilation                                                           ; Off                ; Off                ;
; Enable parallel Assembler and Timing Analyzer during compilation                ; On                 ; On                 ;
; Enable compact report table                                                     ; Off                ; Off                ;
; Restructure Multiplexers                                                        ; Auto               ; Auto               ;
; MLAB Add Timing Constraints For Mixed-Port Feed-Through Mode Setting Don't Care ; Off                ; Off                ;
; Create Debugging Nodes for IP Cores                                             ; Off                ; Off                ;
; Preserve fewer node names                                                       ; On                 ; On                 ;
; Intel FPGA IP Evaluation Mode                                                   ; Enable             ; Enable             ;
; Verilog Version                                                                 ; Verilog_2001       ; Verilog_2001       ;
; VHDL Version                                                                    ; VHDL_1993          ; VHDL_1993          ;
; State Machine Processing                                                        ; Auto               ; Auto               ;
; Safe State Machine                                                              ; Off                ; Off                ;
; Extract Verilog State Machines                                                  ; On                 ; On                 ;
; Extract VHDL State Machines                                                     ; On                 ; On                 ;
; Ignore Verilog initial constructs                                               ; Off                ; Off                ;
; Iteration limit for constant Verilog loops                                      ; 5000               ; 5000               ;
; Iteration limit for non-constant Verilog loops                                  ; 250                ; 250                ;
; Add Pass-Through Logic to Inferred RAMs                                         ; On                 ; On                 ;
; Infer RAMs from Raw Logic                                                       ; On                 ; On                 ;
; Parallel Synthesis                                                              ; On                 ; On                 ;
; DSP Block Balancing                                                             ; Auto               ; Auto               ;
; NOT Gate Push-Back                                                              ; On                 ; On                 ;
; Power-Up Don't Care                                                             ; On                 ; On                 ;
; Remove Redundant Logic Cells                                                    ; Off                ; Off                ;
; Remove Duplicate Registers                                                      ; On                 ; On                 ;
; Ignore CARRY Buffers                                                            ; Off                ; Off                ;
; Ignore CASCADE Buffers                                                          ; Off                ; Off                ;
; Ignore GLOBAL Buffers                                                           ; Off                ; Off                ;
; Ignore ROW GLOBAL Buffers                                                       ; Off                ; Off                ;
; Ignore LCELL Buffers                                                            ; Off                ; Off                ;
; Ignore SOFT Buffers                                                             ; On                 ; On                 ;
; Limit AHDL Integers to 32 Bits                                                  ; Off                ; Off                ;
; Optimization Technique                                                          ; Balanced           ; Balanced           ;
; Carry Chain Length                                                              ; 70                 ; 70                 ;
; Auto Carry Chains                                                               ; On                 ; On                 ;
; Auto Open-Drain Pins                                                            ; On                 ; On                 ;
; Perform WYSIWYG Primitive Resynthesis                                           ; Off                ; Off                ;
; Auto ROM Replacement                                                            ; On                 ; On                 ;
; Auto RAM Replacement                                                            ; On                 ; On                 ;
; Auto DSP Block Replacement                                                      ; On                 ; On                 ;
; Auto Shift Register Replacement                                                 ; Auto               ; Auto               ;
; Allow Shift Register Merging across Hierarchies                                 ; Auto               ; Auto               ;
; Auto Clock Enable Replacement                                                   ; On                 ; On                 ;
; Strict RAM Replacement                                                          ; Off                ; Off                ;
; Allow Synchronous Control Signals                                               ; On                 ; On                 ;
; Force Use of Synchronous Clear Signals                                          ; Off                ; Off                ;
; Auto Resource Sharing                                                           ; Off                ; Off                ;
; Allow Any RAM Size For Recognition                                              ; Off                ; Off                ;
; Allow Any ROM Size For Recognition                                              ; Off                ; Off                ;
; Allow Any Shift Register Size For Recognition                                   ; Off                ; Off                ;
; Use LogicLock Constraints during Resource Balancing                             ; On                 ; On                 ;
; Ignore translate_off and synthesis_off directives                               ; Off                ; Off                ;
; Timing-Driven Synthesis                                                         ; On                 ; On                 ;
; Report Parameter Settings                                                       ; On                 ; On                 ;
; Report Source Assignments                                                       ; On                 ; On                 ;
; Report Connectivity Checks                                                      ; On                 ; On                 ;
; Ignore Maximum Fan-Out Assignments                                              ; Off                ; Off                ;
; Synchronization Register Chain Length                                           ; 3                  ; 3                  ;
; Power Optimization During Synthesis                                             ; Normal compilation ; Normal compilation ;
; HDL message level                                                               ; Level2             ; Level2             ;
; Suppress Register Optimization Related Messages                                 ; Off                ; Off                ;
; Number of Removed Registers Reported in Synthesis Report                        ; 5000               ; 5000               ;
; Number of Swept Nodes Reported in Synthesis Report                              ; 5000               ; 5000               ;
; Number of Inverted Registers Reported in Synthesis Report                       ; 100                ; 100                ;
; Clock MUX Protection                                                            ; On                 ; On                 ;
; Auto Gated Clock Conversion                                                     ; Off                ; Off                ;
; Block Design Naming                                                             ; Auto               ; Auto               ;
; SDC constraint protection                                                       ; Off                ; Off                ;
; Synthesis Effort                                                                ; Auto               ; Auto               ;
; Shift Register Replacement - Allow Asynchronous Clear Signal                    ; On                 ; On                 ;
; Pre-Mapping Resynthesis Optimization                                            ; Off                ; Off                ;
; Analysis & Synthesis Message Level                                              ; Medium             ; Medium             ;
; Disable Register Merging Across Hierarchies                                     ; Auto               ; Auto               ;
; Resource Aware Inference For Block RAM                                          ; On                 ; On                 ;
; Automatic Parallel Synthesis                                                    ; On                 ; On                 ;
; Partial Reconfiguration Bitstream ID                                            ; Off                ; Off                ;
+---------------------------------------------------------------------------------+--------------------+--------------------+


+----------------------------------------------------------------------------------------------------------------+
; Port Connectivity Checks: "cla_tree_24bit:cla24|cla_tree:cla1|b_block:b7"                                      ;
+------+--------+----------+-------------------------------------------------------------------------------------+
; Port ; Type   ; Severity ; Details                                                                             ;
+------+--------+----------+-------------------------------------------------------------------------------------+
; g3   ; Output ; Info     ; Connected to dangling logic. Logic that only feeds a dangling port will be removed. ;
; p3   ; Output ; Info     ; Connected to dangling logic. Logic that only feeds a dangling port will be removed. ;
+------+--------+----------+-------------------------------------------------------------------------------------+


+-------------------------------------------------------------------------------------+
; Port Connectivity Checks: "cla_tree_24bit:cla24|cla_tree:cla1|a_block:ABlocks[7].a" ;
+------+-------+----------+-----------------------------------------------------------+
; Port ; Type  ; Severity ; Details                                                   ;
+------+-------+----------+-----------------------------------------------------------+
; a    ; Input ; Info     ; Explicitly unconnected                                    ;
+------+-------+----------+-----------------------------------------------------------+


+-------------------------------------------------------------------------------------+
; Port Connectivity Checks: "cla_tree_24bit:cla24|cla_tree:cla1|a_block:ABlocks[6].a" ;
+------+-------+----------+-----------------------------------------------------------+
; Port ; Type  ; Severity ; Details                                                   ;
+------+-------+----------+-----------------------------------------------------------+
; a    ; Input ; Info     ; Explicitly unconnected                                    ;
+------+-------+----------+-----------------------------------------------------------+


+-------------------------------------------------------------------------------------+
; Port Connectivity Checks: "cla_tree_24bit:cla24|cla_tree:cla1|a_block:ABlocks[5].a" ;
+------+-------+----------+-----------------------------------------------------------+
; Port ; Type  ; Severity ; Details                                                   ;
+------+-------+----------+-----------------------------------------------------------+
; a    ; Input ; Info     ; Explicitly unconnected                                    ;
+------+-------+----------+-----------------------------------------------------------+


+-------------------------------------------------------------------------------------+
; Port Connectivity Checks: "cla_tree_24bit:cla24|cla_tree:cla1|a_block:ABlocks[4].a" ;
+------+-------+----------+-----------------------------------------------------------+
; Port ; Type  ; Severity ; Details                                                   ;
+------+-------+----------+-----------------------------------------------------------+
; a    ; Input ; Info     ; Explicitly unconnected                                    ;
+------+-------+----------+-----------------------------------------------------------+


+-------------------------------------------------------------------------------------+
; Port Connectivity Checks: "cla_tree_24bit:cla24|cla_tree:cla1|a_block:ABlocks[3].a" ;
+------+-------+----------+-----------------------------------------------------------+
; Port ; Type  ; Severity ; Details                                                   ;
+------+-------+----------+-----------------------------------------------------------+
; a    ; Input ; Info     ; Explicitly unconnected                                    ;
+------+-------+----------+-----------------------------------------------------------+


+-------------------------------------------------------------------------------------+
; Port Connectivity Checks: "cla_tree_24bit:cla24|cla_tree:cla1|a_block:ABlocks[2].a" ;
+------+-------+----------+-----------------------------------------------------------+
; Port ; Type  ; Severity ; Details                                                   ;
+------+-------+----------+-----------------------------------------------------------+
; a    ; Input ; Info     ; Explicitly unconnected                                    ;
+------+-------+----------+-----------------------------------------------------------+


+-------------------------------------------------------------------------------------+
; Port Connectivity Checks: "cla_tree_24bit:cla24|cla_tree:cla1|a_block:ABlocks[1].a" ;
+------+-------+----------+-----------------------------------------------------------+
; Port ; Type  ; Severity ; Details                                                   ;
+------+-------+----------+-----------------------------------------------------------+
; a    ; Input ; Info     ; Explicitly unconnected                                    ;
+------+-------+----------+-----------------------------------------------------------+


+-------------------------------------------------------------------------------------+
; Port Connectivity Checks: "cla_tree_24bit:cla24|cla_tree:cla1|a_block:ABlocks[0].a" ;
+------+-------+----------+-----------------------------------------------------------+
; Port ; Type  ; Severity ; Details                                                   ;
+------+-------+----------+-----------------------------------------------------------+
; a    ; Input ; Info     ; Explicitly unconnected                                    ;
+------+-------+----------+-----------------------------------------------------------+


+--------------------------------------------------+
; Port Connectivity Checks: "cla_tree_24bit:cla24" ;
+-------+-------+----------+-----------------------+
; Port  ; Type  ; Severity ; Details               ;
+-------+-------+----------+-----------------------+
; a[23] ; Input ; Info     ; Stuck at VCC          ;
; c_in  ; Input ; Info     ; Stuck at GND          ;
+-------+-------+----------+-----------------------+


+---------------------------------+
; Analysis & Elaboration Messages ;
+---------------------------------+
Info: *******************************************************************
Info: Running Quartus Prime Analysis & Elaboration
    Info: Version 21.1.0 Build 842 10/21/2021 SJ Lite Edition
    Info: Processing started: Fri Apr 22 00:03:10 2022
Info: Command: quartus_map --read_settings_files=on --write_settings_files=off FPU32bitAdder -c FPU32bitAdderTop --analysis_and_elaboration
Warning (18236): Number of processors has not been specified which may cause overloading on shared machines.  Set the global assignment NUM_PARALLEL_PROCESSORS in your QSF to an appropriate value for best performance.
Info (20030): Parallel compilation is enabled and will use 4 of the 4 processors detected
Info (12021): Found 1 design units, including 1 entities, in source file fpu32bitaddertop.v
    Info (12023): Found entity 1: FPU32bitAdderTop File: E:/Backup/Study/DE10 Standard FPGA/FPU32bitAdder/FPU32bitAdderTop.v Line: 3
Warning (12019): Can't analyze file -- file testbench.v is missing
Info (12021): Found 1 design units, including 1 entities, in source file b_block.v
    Info (12023): Found entity 1: b_block File: E:/Backup/Study/DE10 Standard FPGA/FPU32bitAdder/b_block.v Line: 3
Info (12021): Found 1 design units, including 1 entities, in source file cla_tree.v
    Info (12023): Found entity 1: cla_tree File: E:/Backup/Study/DE10 Standard FPGA/FPU32bitAdder/cla_tree.v Line: 3
Info (12021): Found 1 design units, including 1 entities, in source file cla_tree_24bit.v
    Info (12023): Found entity 1: cla_tree_24bit File: E:/Backup/Study/DE10 Standard FPGA/FPU32bitAdder/cla_tree_24bit.v Line: 3
Info (12021): Found 1 design units, including 1 entities, in source file fpu32addertb.v
    Info (12023): Found entity 1: FPU32AdderTB File: E:/Backup/Study/DE10 Standard FPGA/FPU32bitAdder/FPU32AdderTB.v Line: 3
Info (12021): Found 1 design units, including 1 entities, in source file a_block.v
    Info (12023): Found entity 1: a_block File: E:/Backup/Study/DE10 Standard FPGA/FPU32bitAdder/a_block.v Line: 3
Info (12127): Elaborating entity "FPU32bitAdderTop" for the top level hierarchy
Warning (10036): Verilog HDL or VHDL warning at FPU32bitAdderTop.v(36): object "guard" assigned a value but never read File: E:/Backup/Study/DE10 Standard FPGA/FPU32bitAdder/FPU32bitAdderTop.v Line: 36
Warning (10230): Verilog HDL assignment warning at FPU32bitAdderTop.v(166): truncated value with size 27 to match size of target (1) File: E:/Backup/Study/DE10 Standard FPGA/FPU32bitAdder/FPU32bitAdderTop.v Line: 166
Warning (10230): Verilog HDL assignment warning at FPU32bitAdderTop.v(185): truncated value with size 28 to match size of target (27) File: E:/Backup/Study/DE10 Standard FPGA/FPU32bitAdder/FPU32bitAdderTop.v Line: 185
Warning (10230): Verilog HDL assignment warning at FPU32bitAdderTop.v(189): truncated value with size 28 to match size of target (27) File: E:/Backup/Study/DE10 Standard FPGA/FPU32bitAdder/FPU32bitAdderTop.v Line: 189
Warning (10230): Verilog HDL assignment warning at FPU32bitAdderTop.v(193): truncated value with size 32 to match size of target (8) File: E:/Backup/Study/DE10 Standard FPGA/FPU32bitAdder/FPU32bitAdderTop.v Line: 193
Warning (10230): Verilog HDL assignment warning at FPU32bitAdderTop.v(207): truncated value with size 32 to match size of target (8) File: E:/Backup/Study/DE10 Standard FPGA/FPU32bitAdder/FPU32bitAdderTop.v Line: 207
Warning (10230): Verilog HDL assignment warning at FPU32bitAdderTop.v(221): truncated value with size 32 to match size of target (8) File: E:/Backup/Study/DE10 Standard FPGA/FPU32bitAdder/FPU32bitAdderTop.v Line: 221
Info (12128): Elaborating entity "cla_tree_24bit" for hierarchy "cla_tree_24bit:cla24" File: E:/Backup/Study/DE10 Standard FPGA/FPU32bitAdder/FPU32bitAdderTop.v Line: 68
Info (12128): Elaborating entity "cla_tree" for hierarchy "cla_tree_24bit:cla24|cla_tree:cla1" File: E:/Backup/Study/DE10 Standard FPGA/FPU32bitAdder/cla_tree_24bit.v Line: 14
Info (12128): Elaborating entity "a_block" for hierarchy "cla_tree_24bit:cla24|cla_tree:cla1|a_block:ABlocks[0].a" File: E:/Backup/Study/DE10 Standard FPGA/FPU32bitAdder/cla_tree.v Line: 22
Info (12128): Elaborating entity "b_block" for hierarchy "cla_tree_24bit:cla24|cla_tree:cla1|b_block:b0" File: E:/Backup/Study/DE10 Standard FPGA/FPU32bitAdder/cla_tree.v Line: 27
Info (144001): Generated suppressed messages file E:/Backup/Study/DE10 Standard FPGA/FPU32bitAdder/output_files/FPU32bitAdderTop.map.smsg
Info: Quartus Prime Analysis & Elaboration was successful. 0 errors, 9 warnings
    Info: Peak virtual memory: 4781 megabytes
    Info: Processing ended: Fri Apr 22 00:03:19 2022
    Info: Elapsed time: 00:00:09
    Info: Total CPU time (on all processors): 00:00:21


+--------------------------------------------+
; Analysis & Elaboration Suppressed Messages ;
+--------------------------------------------+
The suppressed messages can be found in E:/Backup/Study/DE10 Standard FPGA/FPU32bitAdder/output_files/FPU32bitAdderTop.map.smsg.


